Docker image found. Using existing image...
Running analysis with output format: csv

Fetching Baltimore Homicide Data...

Total homicides found: 283

Question 1: How many people were stabbing victims in 2025?
==========================================================================================
No.   Date         Name                           Age   Location                      
------------------------------------------------------------------------------------------
XXX   05/05/25     Troy Gaigler                   34    1800 Portal Street            
050   05/23/25     Brandon Naylor                 38    1800 North Woodyear Street    
056   06/01/25     Demetri Briscoe                26    3000 Westfield Avenue         
064   06/21/25     Tyrell John Curtis             39    100 South Broadway            
067   06/30/25     Donte Chase                    46    700 Kenwood Avenue            
102   09/25/25     Michael Schuler                34    2200 Sidney Avenue            
107   10/02/25     Walter Aston                   47    800 North Bond Street         
108   10/07/25     Terry Copes                    63    100 West Garrett Street       
089   06/25/24     Carl Bodine                    59    1000 Brantley Avenue          

Total stabbing victims in 2025: 9

Question 2: How many people were killed in the East Baltimore region?
==========================================================================================
No.   Date         Name                           Age   Location                      
------------------------------------------------------------------------------------------
007   01/19/25     Edward Johnson                 44    3700 East Baltimore Street    
014   02/02/25     Troy Kavanaugh                 37    2500 East Biddle Street       
021   02/23/25     Celvin Olivares-Portillo       20    4400 Eastern Avenue           
030   03/18/25     Shy'Keema Turner               31    700 East Preston Street       
049   05/19/25     Demetrius Phyall               18    2300 East Preston Street      
062   06/17/25     Isaiah Spicer                  29    1900 East Lafayette Street    
086   07/26/25     Sirbryant Alston               33    1100 East Preston Street      
099   09/19/25     Taiquan Moss                   29    1100 East 20th Street         
014   01/26/24     Kareem Gee                     20    1200 East Preston Street      
019   11/27/23     Nigel Arrington                25    5300 Eastbury Avenue          
034   03/02/24     Alvin Ray Henry                35    1400 East Biddle Street       
044   03/13/24     Martinez Brown                 26    1500 East 28th Street         
051   04/02/24     Marvin Washington              22    2300 East Lafayette Street    
053   04/06/24     Jose Castron-Merales           38    3700 East Lombard Street      
063   05/06/24     Garfield Redd                  33    1 East 21st Street            
064   05/09/24     Janelle Desormeaux             40    2100 East Preston Street      
077   06/05/24     Travis Bell                    31    2000 East 31st Street         
117   08/01/24     Ondrell Mayo Jr.               36    900 East Pataspco Avenue      
124   08/17/24     David Philpot                  74    1700 Eastern Avenue           
130   08/22/24     Ronald Carroll                 46    1900 East North Avenue        
144   09/19/24     Errique Neal                   26    1100 East 20th Street         
150   09/25/24     Kevin Mejia                    27    6300 Eastern Avenue           
160   10/23/24     Jose Rodriguez-Bustos          26    2600 East Baltimore Street    
173   11/13/24     Paul Lee                       33    500 East Preston Street       
195   12/26/24     Deangelo West                  27    4300 East Preston Street      
196   09/20/24     Malik Cottman                  46    1200 East North Avenue        
198   12/30/31     Kyree Williams                 26    1200 East Coldspring Lane     

Total victims in East Baltimore region: 27

Warning: No output files were generated. Check for errors above.
