[debug] > Exec(early(addDefaultCommands), None, None)
[debug] > Exec(addDefaultCommands, None, None)
[debug] > Exec(early(initialize), None, None)
[debug] > Exec(initialize, None, None)
[debug] > Exec(boot, None, None)
[debug] > Exec(writeSbtVersion, None, None)
[debug] > Exec(reload, None, None)
[debug] > Exec(sbtStashOnFailure, None, None)
[debug] > Exec(onFailure loadFailed, None, None)
[debug] > Exec(loadp, None, None)
[info] welcome to sbt 1.6.2 (Oracle Corporation Java 17.0.2)
[debug] Load.defaultLoad until apply took 708.232215ms
[debug]           Load.loadUnit: plugins took 118.962484ms
[debug]           Load.loadUnit: defsScala took 0.266368ms
[debug] [Loading] Scanning directory /app/project
[debug] [Loading] Found non-root projects 
[debug] [Loading] Done in /app/project, returning: ()
[debug] deducing auto plugins based on known facts Set(Atom(sbt.plugins.CorePlugin)) and clauses Clauses(Clause(Atom(sbt.plugins.JvmPlugin),Set(Atom(sbt.plugins.IvyPlugin)))
[debug] Clause(Atom(sbt.ScriptedPlugin),Set(Atom(sbt.plugins.JvmPlugin)))
[debug] Clause(Atom(sbt.plugins.SbtPlugin),Set(Atom(sbt.ScriptedPlugin)))
[debug] Clause(Atom(sbt.plugins.SemanticdbPlugin),Set(Atom(sbt.plugins.JvmPlugin)))
[debug] Clause(Atom(sbt.plugins.JUnitXmlReportPlugin),Set(Atom(sbt.plugins.JvmPlugin)))
[debug] Clause(Atom(sbt.plugins.MiniDependencyTreePlugin),Set(Atom(sbt.plugins.JvmPlugin)))
[debug] Clause(Atom(sbt.plugins.CorePlugin),Set(Atom(sbt.plugins.IvyPlugin)))
[debug] Clause(Atom(sbt.plugins.IvyPlugin),Set(Atom(sbt.plugins.JvmPlugin)))
[debug] Clause(Atom(sbt.plugins.JvmPlugin),Set(Atom(sbt.plugins.SemanticdbPlugin)))
[debug] Clause(Atom(sbt.plugins.JvmPlugin),Set(Atom(sbt.plugins.JUnitXmlReportPlugin)))
[debug] Clause(Atom(sbt.plugins.CorePlugin),Set(Atom(sbt.plugins.Giter8TemplatePlugin)))
[debug] Clause(Atom(sbt.plugins.JvmPlugin),Set(Atom(sbt.plugins.MiniDependencyTreePlugin))))
[debug]   :: deduced result: Matched(sbt.plugins.CorePlugin,sbt.plugins.Giter8TemplatePlugin,sbt.plugins.IvyPlugin,sbt.plugins.JvmPlugin,sbt.plugins.MiniDependencyTreePlugin,sbt.plugins.JUnitXmlReportPlugin,sbt.plugins.SemanticdbPlugin)
[debug] Plugins.deducer#function took 40.003177 ms
[debug]               Load.resolveProject(app-build) took 105.871418ms
[debug]             Load.loadTransitive: finalizeProject(Project(id app-build, base: /app/project, plugins: List(<none>))) took 189.956336ms
[debug] [Loading] Done in /app/project, returning: (app-build)
[debug]           Load.loadUnit: loadedProjectsRaw took 235.049328ms
[debug]           Load.loadUnit: cleanEvalClasses took 4.038176ms
[debug]         Load.loadUnit(file:/app/project/, ...) took 365.681289ms
[debug]       Load.apply: load took 686.528576ms
[debug]       Load.apply: resolveProjects took 5.713502ms
[debug]       Load.apply: finalTransforms took 83.417971ms
[debug]       Load.apply: config.delegates took 7.234079ms
[debug]       Load.apply: Def.make(settings)... took 699.323844ms
[debug]       Load.apply: structureIndex took 150.140192ms
[debug]       Load.apply: mkStreams took 1.219927ms
[info] loading project definition from /app/project
[debug] Running task... Cancel: Signal, check cycles: false, forcegc: true
[debug]     Load.loadUnit: plugins took 2746.886254ms
[debug]     Load.loadUnit: defsScala took 0.005911ms
[debug] [Loading] Scanning directory /app
[debug]       Load.loadUnit: mkEval took 4.565109ms
[debug] [Loading] Found non-root projects 
[debug] [Loading] Done in /app, returning: ()
[debug] deducing auto plugins based on known facts Set(Atom(sbt.plugins.CorePlugin)) and clauses Clauses(Clause(Atom(sbt.plugins.JvmPlugin),Set(Atom(sbt.plugins.IvyPlugin)))
[debug] Clause(Atom(sbt.ScriptedPlugin),Set(Atom(sbt.plugins.JvmPlugin)))
[debug] Clause(Atom(sbt.plugins.SbtPlugin),Set(Atom(sbt.ScriptedPlugin)))
[debug] Clause(Atom(sbt.plugins.SemanticdbPlugin),Set(Atom(sbt.plugins.JvmPlugin)))
[debug] Clause(Atom(sbt.plugins.JUnitXmlReportPlugin),Set(Atom(sbt.plugins.JvmPlugin)))
[debug] Clause(Atom(sbt.plugins.MiniDependencyTreePlugin),Set(Atom(sbt.plugins.JvmPlugin)))
[debug] Clause(Atom(sbt.plugins.CorePlugin),Set(Atom(sbt.plugins.IvyPlugin)))
[debug] Clause(Atom(sbt.plugins.IvyPlugin),Set(Atom(sbt.plugins.JvmPlugin)))
[debug] Clause(Atom(sbt.plugins.JvmPlugin),Set(Atom(sbt.plugins.SemanticdbPlugin)))
[debug] Clause(Atom(sbt.plugins.JvmPlugin),Set(Atom(sbt.plugins.JUnitXmlReportPlugin)))
[debug] Clause(Atom(sbt.plugins.CorePlugin),Set(Atom(sbt.plugins.Giter8TemplatePlugin)))
[debug] Clause(Atom(sbt.plugins.JvmPlugin),Set(Atom(sbt.plugins.MiniDependencyTreePlugin))))
[debug]   :: deduced result: Matched(sbt.plugins.CorePlugin,sbt.plugins.Giter8TemplatePlugin,sbt.plugins.IvyPlugin,sbt.plugins.JvmPlugin,sbt.plugins.MiniDependencyTreePlugin,sbt.plugins.JUnitXmlReportPlugin,sbt.plugins.SemanticdbPlugin)
[debug] Plugins.deducer#function took 9.899905 ms
[info] loading settings for project app from build.sbt ...
[debug]         Load.resolveProject(app) took 8.128799ms
[debug]       Load.loadTransitive: finalizeProject(Project(id app, base: /app, plugins: List(<none>))) took 19.37728ms
[debug] [Loading] Done in /app, returning: (app)
[debug]     Load.loadUnit: loadedProjectsRaw took 137.722596ms
[debug]     Load.loadUnit: cleanEvalClasses took 9.257005ms
[debug]   Load.loadUnit(file:/app/, ...) took 2899.277254ms
[debug] Load.apply: load took 2937.380839ms
[debug] Load.apply: resolveProjects took 0.152164ms
[debug] Load.apply: finalTransforms took 25.521998ms
[debug] Load.apply: config.delegates took 0.59484ms
[debug] Load.apply: Def.make(settings)... took 213.001314ms
[debug] Load.apply: structureIndex took 43.386695ms
[debug] Load.apply: mkStreams took 0.002976ms
[info] set current project to BmoreHomicideStats (in build file:/app/)
[debug] > Exec(sbtPopOnFailure, None, None)
[debug] > Exec(resumeFromFailure, None, None)
[debug] > Exec(notifyUsersAboutShell, None, None)
[debug] > Exec(iflast shell, None, None)
[debug] > Exec(shell, None, None)
[info] sbt server started at local:///root/.sbt/1.0/server/4b695e5f5d8c757de8fc/sock
[debug] Writing bsp connection file
[info] started sbt server
[debug] Forcing garbage collection...
